[0.018s] Invoking command in '/home/mariem/custom_tb3_ws/build/my_custom_world': CMAKE_PREFIX_PATH=${CMAKE_PREFIX_PATH}:/home/mariem/my_ros2_ws/install/my_turtlebot_gazebo:/opt/ros/humble /usr/bin/cmake /home/mariem/custom_tb3_ws/src/my_custom_world -DCMAKE_INSTALL_PREFIX=/home/mariem/custom_tb3_ws/install/my_custom_world
[0.037s] -- Found ament_cmake: 1.3.11 (/opt/ros/humble/share/ament_cmake/cmake)
[0.191s] -- Override CMake install command with custom implementation using symlinks instead of copying resources
[0.199s] -- Found rclcpp: 16.0.11 (/opt/ros/humble/share/rclcpp/cmake)
[0.239s] -- Found rosidl_generator_c: 3.1.6 (/opt/ros/humble/share/rosidl_generator_c/cmake)
[0.243s] -- Found rosidl_adapter: 3.1.6 (/opt/ros/humble/share/rosidl_adapter/cmake)
[0.250s] -- Found rosidl_generator_cpp: 3.1.6 (/opt/ros/humble/share/rosidl_generator_cpp/cmake)
[0.262s] -- Using all available rosidl_typesupport_c: rosidl_typesupport_fastrtps_c;rosidl_typesupport_introspection_c
[0.277s] -- Using all available rosidl_typesupport_cpp: rosidl_typesupport_fastrtps_cpp;rosidl_typesupport_introspection_cpp
[0.318s] -- Found rmw_implementation_cmake: 6.1.2 (/opt/ros/humble/share/rmw_implementation_cmake/cmake)
[0.320s] -- Found rmw_fastrtps_cpp: 6.2.7 (/opt/ros/humble/share/rmw_fastrtps_cpp/cmake)
[0.466s] -- Using RMW implementation 'rmw_fastrtps_cpp' as default
[0.543s] -- Found rclpy: 3.3.16 (/opt/ros/humble/share/rclpy/cmake)
[0.631s] -- Configuring done
[0.635s] -- Generating done
[0.639s] -- Build files have been written to: /home/mariem/custom_tb3_ws/build/my_custom_world
[0.648s] Invoked command in '/home/mariem/custom_tb3_ws/build/my_custom_world' returned '0': CMAKE_PREFIX_PATH=${CMAKE_PREFIX_PATH}:/home/mariem/my_ros2_ws/install/my_turtlebot_gazebo:/opt/ros/humble /usr/bin/cmake /home/mariem/custom_tb3_ws/src/my_custom_world -DCMAKE_INSTALL_PREFIX=/home/mariem/custom_tb3_ws/install/my_custom_world
[0.650s] Invoking command in '/home/mariem/custom_tb3_ws/build/my_custom_world': CMAKE_PREFIX_PATH=${CMAKE_PREFIX_PATH}:/home/mariem/my_ros2_ws/install/my_turtlebot_gazebo:/opt/ros/humble /usr/bin/cmake --build /home/mariem/custom_tb3_ws/build/my_custom_world -- -j16 -l16
[0.695s] Invoked command in '/home/mariem/custom_tb3_ws/build/my_custom_world' returned '0': CMAKE_PREFIX_PATH=${CMAKE_PREFIX_PATH}:/home/mariem/my_ros2_ws/install/my_turtlebot_gazebo:/opt/ros/humble /usr/bin/cmake --build /home/mariem/custom_tb3_ws/build/my_custom_world -- -j16 -l16
[0.707s] Invoking command in '/home/mariem/custom_tb3_ws/build/my_custom_world': CMAKE_PREFIX_PATH=${CMAKE_PREFIX_PATH}:/home/mariem/my_ros2_ws/install/my_turtlebot_gazebo:/opt/ros/humble /usr/bin/cmake --install /home/mariem/custom_tb3_ws/build/my_custom_world
[0.715s] -- Install configuration: ""
[0.716s] -- Execute custom install script
[0.716s] -- Up-to-date symlink: /home/mariem/custom_tb3_ws/install/my_custom_world/lib/my_custom_world/map_merger.py
[0.717s] -- Up-to-date symlink: /home/mariem/custom_tb3_ws/install/my_custom_world/share/my_custom_world/launch/custom_tb3_world.launch.py
[0.717s] -- Up-to-date symlink: /home/mariem/custom_tb3_ws/install/my_custom_world/share/my_custom_world/worlds/custom_world.world
[0.718s] -- Up-to-date symlink: /home/mariem/custom_tb3_ws/install/my_custom_world/share/my_custom_world/config/collab.rviz
[0.718s] -- Up-to-date symlink: /home/mariem/custom_tb3_ws/install/my_custom_world/share/my_custom_world/config/slam_tb3_1.yaml
[0.718s] -- Up-to-date symlink: /home/mariem/custom_tb3_ws/install/my_custom_world/share/my_custom_world/config/slam_tb3_2.yaml
[0.718s] -- Up-to-date symlink: /home/mariem/custom_tb3_ws/install/my_custom_world/share/ament_index/resource_index/package_run_dependencies/my_custom_world
[0.718s] -- Up-to-date symlink: /home/mariem/custom_tb3_ws/install/my_custom_world/share/ament_index/resource_index/parent_prefix_path/my_custom_world
[0.719s] -- Up-to-date symlink: /home/mariem/custom_tb3_ws/install/my_custom_world/share/my_custom_world/environment/ament_prefix_path.sh
[0.719s] -- Up-to-date symlink: /home/mariem/custom_tb3_ws/install/my_custom_world/share/my_custom_world/environment/ament_prefix_path.dsv
[0.719s] -- Up-to-date symlink: /home/mariem/custom_tb3_ws/install/my_custom_world/share/my_custom_world/environment/path.sh
[0.719s] -- Up-to-date symlink: /home/mariem/custom_tb3_ws/install/my_custom_world/share/my_custom_world/environment/path.dsv
[0.719s] -- Up-to-date symlink: /home/mariem/custom_tb3_ws/install/my_custom_world/share/my_custom_world/local_setup.bash
[0.719s] -- Up-to-date symlink: /home/mariem/custom_tb3_ws/install/my_custom_world/share/my_custom_world/local_setup.sh
[0.719s] -- Up-to-date symlink: /home/mariem/custom_tb3_ws/install/my_custom_world/share/my_custom_world/local_setup.zsh
[0.720s] -- Up-to-date symlink: /home/mariem/custom_tb3_ws/install/my_custom_world/share/my_custom_world/local_setup.dsv
[0.720s] -- Symlinking: /home/mariem/custom_tb3_ws/install/my_custom_world/share/my_custom_world/package.dsv
[0.730s] -- Up-to-date symlink: /home/mariem/custom_tb3_ws/install/my_custom_world/share/ament_index/resource_index/packages/my_custom_world
[0.730s] -- Up-to-date symlink: /home/mariem/custom_tb3_ws/install/my_custom_world/share/my_custom_world/cmake/my_custom_worldConfig.cmake
[0.730s] -- Up-to-date symlink: /home/mariem/custom_tb3_ws/install/my_custom_world/share/my_custom_world/cmake/my_custom_worldConfig-version.cmake
[0.730s] -- Up-to-date symlink: /home/mariem/custom_tb3_ws/install/my_custom_world/share/my_custom_world/package.xml
[0.732s] Invoked command in '/home/mariem/custom_tb3_ws/build/my_custom_world' returned '0': CMAKE_PREFIX_PATH=${CMAKE_PREFIX_PATH}:/home/mariem/my_ros2_ws/install/my_turtlebot_gazebo:/opt/ros/humble /usr/bin/cmake --install /home/mariem/custom_tb3_ws/build/my_custom_world
