[0.009s] Invoking command in '/home/mariem/custom_tb3_ws/src/build/my_custom_world': CMAKE_PREFIX_PATH=${CMAKE_PREFIX_PATH}:/home/mariem/custom_tb3_ws/install/turtlebot3_teleop:/home/mariem/custom_tb3_ws/install/turtlebot3_example:/home/mariem/my_ros2_ws/install/my_turtlebot_gazebo:/opt/ros/humble /usr/bin/cmake /home/mariem/custom_tb3_ws/src/my_custom_world -DCMAKE_INSTALL_PREFIX=/home/mariem/custom_tb3_ws/src/install/my_custom_world
[0.051s] -- The C compiler identification is GNU 11.4.0
[0.098s] -- The CXX compiler identification is GNU 11.4.0
[0.104s] -- Detecting C compiler ABI info
[0.161s] -- Detecting C compiler ABI info - done
[0.167s] -- Check for working C compiler: /usr/bin/cc - skipped
[0.167s] -- Detecting C compile features
[0.167s] -- Detecting C compile features - done
[0.170s] -- Detecting CXX compiler ABI info
[0.229s] -- Detecting CXX compiler ABI info - done
[0.235s] -- Check for working CXX compiler: /usr/bin/c++ - skipped
[0.235s] -- Detecting CXX compile features
[0.236s] -- Detecting CXX compile features - done
[0.239s] -- Found ament_cmake: 1.3.11 (/opt/ros/humble/share/ament_cmake/cmake)
[0.365s] -- Found Python3: /usr/bin/python3 (found version "3.10.12") found components: Interpreter 
[0.457s] -- Found gazebo_ros: 3.9.0 (/opt/ros/humble/share/gazebo_ros/cmake)
[0.501s] -- Found rosidl_generator_c: 3.1.6 (/opt/ros/humble/share/rosidl_generator_c/cmake)
[0.507s] -- Found rosidl_adapter: 3.1.6 (/opt/ros/humble/share/rosidl_adapter/cmake)
[0.516s] -- Found rosidl_generator_cpp: 3.1.6 (/opt/ros/humble/share/rosidl_generator_cpp/cmake)
[0.529s] -- Using all available rosidl_typesupport_c: rosidl_typesupport_fastrtps_c;rosidl_typesupport_introspection_c
[0.547s] -- Using all available rosidl_typesupport_cpp: rosidl_typesupport_fastrtps_cpp;rosidl_typesupport_introspection_cpp
[0.590s] -- Found rmw_implementation_cmake: 6.1.2 (/opt/ros/humble/share/rmw_implementation_cmake/cmake)
[0.593s] -- Found rmw_fastrtps_cpp: 6.2.7 (/opt/ros/humble/share/rmw_fastrtps_cpp/cmake)
[0.677s] -- Found OpenSSL: /usr/lib/x86_64-linux-gnu/libcrypto.so (found version "3.0.2")  
[0.702s] -- Found FastRTPS: /opt/ros/humble/include  
[0.737s] -- Using RMW implementation 'rmw_fastrtps_cpp' as default
[0.748s] -- Looking for pthread.h
[0.813s] -- Looking for pthread.h - found
[0.813s] -- Performing Test CMAKE_HAVE_LIBC_PTHREAD
[0.879s] -- Performing Test CMAKE_HAVE_LIBC_PTHREAD - Success
[0.880s] -- Found Threads: TRUE  
[0.931s] -- Found PkgConfig: /usr/bin/pkg-config (found version "0.29.2") 
[0.933s] -- Checking for module 'bullet>=2.82'
[0.943s] --   Found bullet, version 3.05
[1.024s] -- Found fcl: /usr/include (found suitable version "0.7.0", minimum required is "0.5.0") 
[1.062s] -- Found assimp: /usr/include (found version "5.2.0") 
[1.082s] -- Found DART: /usr/include (Required is at least version "6.6") found components: dart 
[1.107s] -- Found Boost: /usr/lib/x86_64-linux-gnu/cmake/Boost-1.74.0/BoostConfig.cmake (found suitable version "1.74.0", minimum required is "1.40.0") found components: thread system filesystem program_options regex iostreams date_time 
[1.119s] -- Found Protobuf: /usr/lib/x86_64-linux-gnu/libprotobuf.so (found version "3.12.4") 
[1.124s] -- Looking for ignition-math6 -- found version 6.15.1
[1.130s] -- Searching for dependencies of ignition-math6
[1.132s] -- Looking for OGRE...
[1.132s] -- OGRE_PREFIX_WATCH changed.
[1.137s] -- Checking for module 'OGRE'
[1.147s] --   Found OGRE, version 1.9.0
[1.176s] -- Found Ogre Ghadamon (1.9.0)
[1.185s] -- Found OGRE: optimized;/usr/lib/x86_64-linux-gnu/libOgreMain.so;debug;/usr/lib/x86_64-linux-gnu/libOgreMain.so
[1.194s] -- Looking for OGRE_Paging...
[1.202s] -- Found OGRE_Paging: optimized;/usr/lib/x86_64-linux-gnu/libOgrePaging.so;debug;/usr/lib/x86_64-linux-gnu/libOgrePaging.so
[1.202s] -- Looking for OGRE_Terrain...
[1.208s] -- Found OGRE_Terrain: optimized;/usr/lib/x86_64-linux-gnu/libOgreTerrain.so;debug;/usr/lib/x86_64-linux-gnu/libOgreTerrain.so
[1.208s] -- Looking for OGRE_Property...
[1.215s] -- Found OGRE_Property: optimized;/usr/lib/x86_64-linux-gnu/libOgreProperty.so;debug;/usr/lib/x86_64-linux-gnu/libOgreProperty.so
[1.215s] -- Looking for OGRE_RTShaderSystem...
[1.221s] -- Found OGRE_RTShaderSystem: optimized;/usr/lib/x86_64-linux-gnu/libOgreRTShaderSystem.so;debug;/usr/lib/x86_64-linux-gnu/libOgreRTShaderSystem.so
[1.221s] -- Looking for OGRE_Volume...
[1.228s] -- Found OGRE_Volume: optimized;/usr/lib/x86_64-linux-gnu/libOgreVolume.so;debug;/usr/lib/x86_64-linux-gnu/libOgreVolume.so
[1.228s] -- Looking for OGRE_Overlay...
[1.235s] -- Found OGRE_Overlay: optimized;/usr/lib/x86_64-linux-gnu/libOgreOverlay.so;debug;/usr/lib/x86_64-linux-gnu/libOgreOverlay.so
[1.368s] -- Looking for ignition-math6 -- found version 6.15.1
[1.372s] -- Looking for ignition-transport8 -- found version 8.2.1
[1.372s] -- Searching for dependencies of ignition-transport8
[1.390s] -- Found Protobuf: /usr/lib/x86_64-linux-gnu/libprotobuf.so (found suitable version "3.12.4", minimum required is "3") 
[1.401s] -- Config-file not installed for ZeroMQ -- checking for pkg-config
[1.407s] -- Checking for module 'libzmq >= 4'
[1.420s] --   Found libzmq , version 4.3.4
[1.453s] -- Found ZeroMQ: TRUE (Required is at least version "4") 
[1.460s] -- Checking for module 'uuid'
[1.473s] --   Found uuid, version 2.37.2
[1.504s] -- Found UUID: TRUE  
[1.509s] -- Looking for ignition-msgs5 -- found version 5.8.1
[1.510s] -- Searching for dependencies of ignition-msgs5
[1.529s] -- Looking for ignition-math6 -- found version 6.15.1
[1.534s] -- Checking for module 'tinyxml2'
[1.546s] --   Found tinyxml2, version 9.0.0
[1.577s] -- Looking for ignition-msgs5 -- found version 5.8.1
[1.581s] -- Looking for ignition-common3 -- found version 3.14.0
[1.581s] -- Searching for dependencies of ignition-common3
[1.581s] -- Looking for dlfcn.h - found
[1.583s] -- Looking for libdl - found
[1.584s] -- Found DL: TRUE  
[1.598s] -- Found tinyobjloader: /usr/lib/x86_64-linux-gnu/cmake/tinyobjloader/tinyobjloader-config.cmake (found version "2.0.0") 
[1.598s] -- Searching for <ignition-common3> component [graphics]
[1.601s] -- Looking for ignition-common3-graphics -- found version 3.14.0
[1.602s] -- Searching for dependencies of ignition-common3-graphics
[1.602s] -- Looking for ignition-math6 -- found version 6.15.1
[1.605s] -- Looking for ignition-fuel_tools4 -- found version 4.4.0
[1.605s] -- Searching for dependencies of ignition-fuel_tools4
[1.677s] -- Found CURL: /usr/lib/x86_64-linux-gnu/libcurl.so (found version "7.81.0")  
[1.684s] -- Checking for module 'jsoncpp'
[1.694s] --   Found jsoncpp, version 1.9.5
[1.718s] -- Found JSONCPP: TRUE  
[1.722s] -- Checking for module 'libzip'
[1.734s] --   Found libzip, version 1.7.3
[1.762s] -- Found ZIP: TRUE  
[1.762s] -- Looking for ignition-common3 -- found version 3.14.0
[1.763s] -- Looking for ignition-math6 -- found version 6.15.1
[1.763s] -- Looking for ignition-msgs5 -- found version 5.8.1
[1.767s] -- Gazebo version: 11.14
[1.767s] -- Checking for module 'tbb'
[1.780s] --   Found tbb, version 2021.5.0
[1.808s] -- Found ament_lint_auto: 0.12.11 (/opt/ros/humble/share/ament_lint_auto/cmake)
[1.880s] -- Added test 'flake8' to check Python code syntax and style conventions
[1.881s] -- Added test 'lint_cmake' to check CMake code style
[1.881s] -- Added test 'pep257' to check Python code against some of the docstring style conventions in PEP 257
[1.883s] -- Added test 'xmllint' to check XML markup files
[1.884s] -- Configuring done
[1.888s] -- Generating done
[1.890s] -- Build files have been written to: /home/mariem/custom_tb3_ws/src/build/my_custom_world
[1.901s] Invoked command in '/home/mariem/custom_tb3_ws/src/build/my_custom_world' returned '0': CMAKE_PREFIX_PATH=${CMAKE_PREFIX_PATH}:/home/mariem/custom_tb3_ws/install/turtlebot3_teleop:/home/mariem/custom_tb3_ws/install/turtlebot3_example:/home/mariem/my_ros2_ws/install/my_turtlebot_gazebo:/opt/ros/humble /usr/bin/cmake /home/mariem/custom_tb3_ws/src/my_custom_world -DCMAKE_INSTALL_PREFIX=/home/mariem/custom_tb3_ws/src/install/my_custom_world
[1.902s] Invoking command in '/home/mariem/custom_tb3_ws/src/build/my_custom_world': CMAKE_PREFIX_PATH=${CMAKE_PREFIX_PATH}:/home/mariem/custom_tb3_ws/install/turtlebot3_teleop:/home/mariem/custom_tb3_ws/install/turtlebot3_example:/home/mariem/my_ros2_ws/install/my_turtlebot_gazebo:/opt/ros/humble /usr/bin/cmake --build /home/mariem/custom_tb3_ws/src/build/my_custom_world -- -j16 -l16
[1.931s] Invoked command in '/home/mariem/custom_tb3_ws/src/build/my_custom_world' returned '0': CMAKE_PREFIX_PATH=${CMAKE_PREFIX_PATH}:/home/mariem/custom_tb3_ws/install/turtlebot3_teleop:/home/mariem/custom_tb3_ws/install/turtlebot3_example:/home/mariem/my_ros2_ws/install/my_turtlebot_gazebo:/opt/ros/humble /usr/bin/cmake --build /home/mariem/custom_tb3_ws/src/build/my_custom_world -- -j16 -l16
[1.939s] Invoking command in '/home/mariem/custom_tb3_ws/src/build/my_custom_world': CMAKE_PREFIX_PATH=${CMAKE_PREFIX_PATH}:/home/mariem/custom_tb3_ws/install/turtlebot3_teleop:/home/mariem/custom_tb3_ws/install/turtlebot3_example:/home/mariem/my_ros2_ws/install/my_turtlebot_gazebo:/opt/ros/humble /usr/bin/cmake --install /home/mariem/custom_tb3_ws/src/build/my_custom_world
[1.943s] -- Install configuration: ""
[1.943s] -- Installing: /home/mariem/custom_tb3_ws/src/install/my_custom_world/share/my_custom_world/worlds
[1.943s] -- Installing: /home/mariem/custom_tb3_ws/src/install/my_custom_world/share/my_custom_world/worlds/custom_world.world
[1.944s] -- Installing: /home/mariem/custom_tb3_ws/src/install/my_custom_world/share/my_custom_world/launch
[1.944s] -- Installing: /home/mariem/custom_tb3_ws/src/install/my_custom_world/share/my_custom_world/launch/custom_tb3_world.launch.py
[1.944s] -- Installing: /home/mariem/custom_tb3_ws/src/install/my_custom_world/lib/my_custom_world/multi_robot_controller.py
[1.945s] -- Installing: /home/mariem/custom_tb3_ws/src/install/my_custom_world/lib/my_custom_world/map_merger.py
[1.945s] -- Installing: /home/mariem/custom_tb3_ws/src/install/my_custom_world/share/my_custom_world/config
[1.945s] -- Installing: /home/mariem/custom_tb3_ws/src/install/my_custom_world/share/my_custom_world/config/slam_tb3_1.yaml
[1.945s] -- Installing: /home/mariem/custom_tb3_ws/src/install/my_custom_world/share/my_custom_world/config/collab.rviz
[1.945s] -- Installing: /home/mariem/custom_tb3_ws/src/install/my_custom_world/share/my_custom_world/config/slam_tb3_2.yaml
[1.945s] -- Installing: /home/mariem/custom_tb3_ws/src/install/my_custom_world/share/ament_index/resource_index/package_run_dependencies/my_custom_world
[1.945s] -- Installing: /home/mariem/custom_tb3_ws/src/install/my_custom_world/share/ament_index/resource_index/parent_prefix_path/my_custom_world
[1.945s] -- Installing: /home/mariem/custom_tb3_ws/src/install/my_custom_world/share/my_custom_world/environment/ament_prefix_path.sh
[1.945s] -- Installing: /home/mariem/custom_tb3_ws/src/install/my_custom_world/share/my_custom_world/environment/ament_prefix_path.dsv
[1.945s] -- Installing: /home/mariem/custom_tb3_ws/src/install/my_custom_world/share/my_custom_world/environment/path.sh
[1.945s] -- Installing: /home/mariem/custom_tb3_ws/src/install/my_custom_world/share/my_custom_world/environment/path.dsv
[1.946s] -- Installing: /home/mariem/custom_tb3_ws/src/install/my_custom_world/share/my_custom_world/local_setup.bash
[1.946s] -- Installing: /home/mariem/custom_tb3_ws/src/install/my_custom_world/share/my_custom_world/local_setup.sh
[1.946s] -- Installing: /home/mariem/custom_tb3_ws/src/install/my_custom_world/share/my_custom_world/local_setup.zsh
[1.946s] -- Installing: /home/mariem/custom_tb3_ws/src/install/my_custom_world/share/my_custom_world/local_setup.dsv
[1.946s] -- Installing: /home/mariem/custom_tb3_ws/src/install/my_custom_world/share/my_custom_world/package.dsv
[1.946s] -- Installing: /home/mariem/custom_tb3_ws/src/install/my_custom_world/share/ament_index/resource_index/packages/my_custom_world
[1.946s] -- Installing: /home/mariem/custom_tb3_ws/src/install/my_custom_world/share/my_custom_world/cmake/my_custom_worldConfig.cmake
[1.946s] -- Installing: /home/mariem/custom_tb3_ws/src/install/my_custom_world/share/my_custom_world/cmake/my_custom_worldConfig-version.cmake
[1.946s] -- Installing: /home/mariem/custom_tb3_ws/src/install/my_custom_world/share/my_custom_world/package.xml
[1.948s] Invoked command in '/home/mariem/custom_tb3_ws/src/build/my_custom_world' returned '0': CMAKE_PREFIX_PATH=${CMAKE_PREFIX_PATH}:/home/mariem/custom_tb3_ws/install/turtlebot3_teleop:/home/mariem/custom_tb3_ws/install/turtlebot3_example:/home/mariem/my_ros2_ws/install/my_turtlebot_gazebo:/opt/ros/humble /usr/bin/cmake --install /home/mariem/custom_tb3_ws/src/build/my_custom_world
