-- The C compiler identification is GNU 11.4.0
-- The CXX compiler identification is GNU 11.4.0
-- Detecting C compiler ABI info
-- Detecting C compiler ABI info - done
-- Check for working C compiler: /usr/bin/cc - skipped
-- Detecting C compile features
-- Detecting C compile features - done
-- Detecting CXX compiler ABI info
-- Detecting CXX compiler ABI info - done
-- Check for working CXX compiler: /usr/bin/c++ - skipped
-- Detecting CXX compile features
-- Detecting CXX compile features - done
-- Found ament_cmake: 1.3.11 (/opt/ros/humble/share/ament_cmake/cmake)
-- Found Python3: /usr/bin/python3 (found version "3.10.12") found components: Interpreter 
-- Override CMake install command with custom implementation using symlinks instead of copying resources
-- Found rclcpp: 16.0.11 (/opt/ros/humble/share/rclcpp/cmake)
-- Found rosidl_generator_c: 3.1.6 (/opt/ros/humble/share/rosidl_generator_c/cmake)
-- Found rosidl_adapter: 3.1.6 (/opt/ros/humble/share/rosidl_adapter/cmake)
-- Found rosidl_generator_cpp: 3.1.6 (/opt/ros/humble/share/rosidl_generator_cpp/cmake)
-- Using all available rosidl_typesupport_c: rosidl_typesupport_fastrtps_c;rosidl_typesupport_introspection_c
-- Using all available rosidl_typesupport_cpp: rosidl_typesupport_fastrtps_cpp;rosidl_typesupport_introspection_cpp
-- Found rmw_implementation_cmake: 6.1.2 (/opt/ros/humble/share/rmw_implementation_cmake/cmake)
-- Found rmw_fastrtps_cpp: 6.2.7 (/opt/ros/humble/share/rmw_fastrtps_cpp/cmake)
-- Found OpenSSL: /usr/lib/x86_64-linux-gnu/libcrypto.so (found version "3.0.2")  
-- Found FastRTPS: /opt/ros/humble/include  
-- Using RMW implementation 'rmw_fastrtps_cpp' as default
-- Looking for pthread.h
-- Looking for pthread.h - found
-- Performing Test CMAKE_HAVE_LIBC_PTHREAD
-- Performing Test CMAKE_HAVE_LIBC_PTHREAD - Success
-- Found Threads: TRUE  
-- Found rclpy: 3.3.16 (/opt/ros/humble/share/rclpy/cmake)
-- Configuring done
-- Generating done
-- Build files have been written to: /home/mariem/custom_tb3_ws/build/my_custom_world
-- Install configuration: ""
-- Execute custom install script
-- Symlinking: /home/mariem/custom_tb3_ws/install/my_custom_world/lib/my_custom_world/map_merger.py
-- Symlinking: /home/mariem/custom_tb3_ws/install/my_custom_world/share/my_custom_world/launch/custom_tb3_world.launch.py
-- Symlinking: /home/mariem/custom_tb3_ws/install/my_custom_world/share/my_custom_world/worlds/custom_world.world
-- Symlinking: /home/mariem/custom_tb3_ws/install/my_custom_world/share/my_custom_world/config/collab.rviz
-- Symlinking: /home/mariem/custom_tb3_ws/install/my_custom_world/share/my_custom_world/config/slam_tb3_1.yaml
-- Symlinking: /home/mariem/custom_tb3_ws/install/my_custom_world/share/my_custom_world/config/slam_tb3_2.yaml
-- Symlinking: /home/mariem/custom_tb3_ws/install/my_custom_world/share/ament_index/resource_index/package_run_dependencies/my_custom_world
-- Symlinking: /home/mariem/custom_tb3_ws/install/my_custom_world/share/ament_index/resource_index/parent_prefix_path/my_custom_world
-- Symlinking: /home/mariem/custom_tb3_ws/install/my_custom_world/share/my_custom_world/environment/ament_prefix_path.sh
-- Symlinking: /home/mariem/custom_tb3_ws/install/my_custom_world/share/my_custom_world/environment/ament_prefix_path.dsv
-- Symlinking: /home/mariem/custom_tb3_ws/install/my_custom_world/share/my_custom_world/environment/path.sh
-- Symlinking: /home/mariem/custom_tb3_ws/install/my_custom_world/share/my_custom_world/environment/path.dsv
-- Symlinking: /home/mariem/custom_tb3_ws/install/my_custom_world/share/my_custom_world/local_setup.bash
-- Symlinking: /home/mariem/custom_tb3_ws/install/my_custom_world/share/my_custom_world/local_setup.sh
-- Symlinking: /home/mariem/custom_tb3_ws/install/my_custom_world/share/my_custom_world/local_setup.zsh
-- Symlinking: /home/mariem/custom_tb3_ws/install/my_custom_world/share/my_custom_world/local_setup.dsv
-- Symlinking: /home/mariem/custom_tb3_ws/install/my_custom_world/share/my_custom_world/package.dsv
-- Symlinking: /home/mariem/custom_tb3_ws/install/my_custom_world/share/ament_index/resource_index/packages/my_custom_world
-- Symlinking: /home/mariem/custom_tb3_ws/install/my_custom_world/share/my_custom_world/cmake/my_custom_worldConfig.cmake
-- Symlinking: /home/mariem/custom_tb3_ws/install/my_custom_world/share/my_custom_world/cmake/my_custom_worldConfig-version.cmake
-- Symlinking: /home/mariem/custom_tb3_ws/install/my_custom_world/share/my_custom_world/package.xml
