-- Install configuration: ""
-- Execute custom install script
-- Up-to-date symlink: /home/mariem/custom_tb3_ws/install/my_custom_world/lib/my_custom_world/map_merger.py
-- Up-to-date symlink: /home/mariem/custom_tb3_ws/install/my_custom_world/share/my_custom_world/launch/custom_tb3_world.launch.py
-- Up-to-date symlink: /home/mariem/custom_tb3_ws/install/my_custom_world/share/my_custom_world/worlds/custom_world.world
-- Up-to-date symlink: /home/mariem/custom_tb3_ws/install/my_custom_world/share/my_custom_world/config/collab.rviz
-- Up-to-date symlink: /home/mariem/custom_tb3_ws/install/my_custom_world/share/my_custom_world/config/slam_tb3_1.yaml
-- Up-to-date symlink: /home/mariem/custom_tb3_ws/install/my_custom_world/share/my_custom_world/config/slam_tb3_2.yaml
-- Up-to-date symlink: /home/mariem/custom_tb3_ws/install/my_custom_world/share/ament_index/resource_index/package_run_dependencies/my_custom_world
-- Up-to-date symlink: /home/mariem/custom_tb3_ws/install/my_custom_world/share/ament_index/resource_index/parent_prefix_path/my_custom_world
-- Up-to-date symlink: /home/mariem/custom_tb3_ws/install/my_custom_world/share/my_custom_world/environment/ament_prefix_path.sh
-- Up-to-date symlink: /home/mariem/custom_tb3_ws/install/my_custom_world/share/my_custom_world/environment/ament_prefix_path.dsv
-- Up-to-date symlink: /home/mariem/custom_tb3_ws/install/my_custom_world/share/my_custom_world/environment/path.sh
-- Up-to-date symlink: /home/mariem/custom_tb3_ws/install/my_custom_world/share/my_custom_world/environment/path.dsv
-- Up-to-date symlink: /home/mariem/custom_tb3_ws/install/my_custom_world/share/my_custom_world/local_setup.bash
-- Up-to-date symlink: /home/mariem/custom_tb3_ws/install/my_custom_world/share/my_custom_world/local_setup.sh
-- Up-to-date symlink: /home/mariem/custom_tb3_ws/install/my_custom_world/share/my_custom_world/local_setup.zsh
-- Up-to-date symlink: /home/mariem/custom_tb3_ws/install/my_custom_world/share/my_custom_world/local_setup.dsv
-- Symlinking: /home/mariem/custom_tb3_ws/install/my_custom_world/share/my_custom_world/package.dsv
-- Up-to-date symlink: /home/mariem/custom_tb3_ws/install/my_custom_world/share/ament_index/resource_index/packages/my_custom_world
-- Up-to-date symlink: /home/mariem/custom_tb3_ws/install/my_custom_world/share/my_custom_world/cmake/my_custom_worldConfig.cmake
-- Up-to-date symlink: /home/mariem/custom_tb3_ws/install/my_custom_world/share/my_custom_world/cmake/my_custom_worldConfig-version.cmake
-- Up-to-date symlink: /home/mariem/custom_tb3_ws/install/my_custom_world/share/my_custom_world/package.xml
